2017/10/13 19:05:24 papost @0000000000000000000000000000000000000000 (68483)> killed!
 exited -1 after 265460.01 seconds
2017/10/13 19:05:24 papost @0000000000000000000000000000000000000000 (66479)> serve --cmdserver chgunix --address /var/folders/9_/9n3z3slx00sgv727czwc36g5596mgw/T//chg1251168764/server.66477 --daemon-postexec 'chdir:/' exited 0 after 265898.36 seconds
2017/10/17 17:04:11 papost @bbda857db6b8f3cdf0f47f5d92fda2bca72691cd (91495)> serve --cmdserver chgunix --address /var/folders/9_/9n3z3slx00sgv727czwc36g5596mgw/T//chg1251168764/server.91493 --daemon-postexec 'chdir:/'
2017/10/17 17:04:12 papost @bbda857db6b8f3cdf0f47f5d92fda2bca72691cd (91507)> serve --cmdserver chgunix --address /var/folders/9_/9n3z3slx00sgv727czwc36g5596mgw/T//chg1251168764/server.91506 --daemon-postexec 'chdir:/'
2017/10/17 17:04:12 papost @bbda857db6b8f3cdf0f47f5d92fda2bca72691cd (91530)> resolve '--tool=internal:dumpjson' --all --noninteractive
2017/10/17 17:04:12 papost @bbda857db6b8f3cdf0f47f5d92fda2bca72691cd (91531)> bookmarks -Tjson --noninteractive
2017/10/17 17:04:12 papost @bbda857db6b8f3cdf0f47f5d92fda2bca72691cd (91530)> resolve '--tool=internal:dumpjson' --all --noninteractive --config 'ui.ssh=ssh -oBatchMode=yes -oControlMaster=no' --config 'extensions.progressfile=' --config 'progress.statefile=/Users/papost/workspace/python-noobs/.hg/progress' --config 'progress.assume-tty=1' exited 0 after 0.03 seconds
2017/10/17 17:04:12 papost @bbda857db6b8f3cdf0f47f5d92fda2bca72691cd (91531)> bookmarks -Tjson --noninteractive --config 'ui.ssh=ssh -oBatchMode=yes -oControlMaster=no' --config 'extensions.progressfile=' --config 'progress.statefile=/Users/papost/workspace/python-noobs/.hg/progress' --config 'progress.assume-tty=1' exited 0 after 0.03 seconds
2017/10/17 17:04:13 papost @bbda857db6b8f3cdf0f47f5d92fda2bca72691cd (91495)> serve --cmdserver chgunix --address /var/folders/9_/9n3z3slx00sgv727czwc36g5596mgw/T//chg1251168764/server.91493 --daemon-postexec 'chdir:/' --config 'ui.ssh=ssh -oBatchMode=yes -oControlMaster=no' --config 'extensions.progressfile=' --config 'progress.statefile=/Users/papost/workspace/python-noobs/.hg/progress' --config 'progress.assume-tty=1' exited 0 after 1.48 seconds
2017/10/17 17:04:13 papost @bbda857db6b8f3cdf0f47f5d92fda2bca72691cd (91583)> serve --cmdserver chgunix --address /var/folders/9_/9n3z3slx00sgv727czwc36g5596mgw/T//chg1251168764/server.91575 --daemon-postexec 'chdir:/'
2017/10/17 17:04:13 papost @bbda857db6b8f3cdf0f47f5d92fda2bca72691cd (91584)> serve --cmdserver chgunix --address /var/folders/9_/9n3z3slx00sgv727czwc36g5596mgw/T//chg1251168764/server.91581 --daemon-postexec 'chdir:/'
2017/10/17 17:04:13 papost @bbda857db6b8f3cdf0f47f5d92fda2bca72691cd (91624)> status --unknown --no-status /Users/papost/workspace/python-noobs
2017/10/17 17:04:13 papost @bbda857db6b8f3cdf0f47f5d92fda2bca72691cd (91624)> status --unknown --no-status /Users/papost/workspace/python-noobs exited 0 after 0.02 seconds
2017/10/17 17:04:13 papost @bbda857db6b8f3cdf0f47f5d92fda2bca72691cd (91626)> locate
2017/10/17 17:04:13 papost @bbda857db6b8f3cdf0f47f5d92fda2bca72691cd (91626)> locate exited 0 after 0.02 seconds
2017/10/17 17:04:15 papost @bbda857db6b8f3cdf0f47f5d92fda2bca72691cd (91583)> serve --cmdserver chgunix --address /var/folders/9_/9n3z3slx00sgv727czwc36g5596mgw/T//chg1251168764/server.91575 --daemon-postexec 'chdir:/' exited 0 after 2.37 seconds
2017/10/17 17:06:45 papost @bbda857db6b8f3cdf0f47f5d92fda2bca72691cd (91914)> add /Users/papost/workspace/python-noobs/test.week2/play.py --noninteractive
2017/10/17 17:06:45 papost @bbda857db6b8f3cdf0f47f5d92fda2bca72691cd (91914)> add /Users/papost/workspace/python-noobs/test.week2/play.py --noninteractive --config 'ui.ssh=ssh -oBatchMode=yes -oControlMaster=no' --config 'extensions.progressfile=' --config 'progress.statefile=/Users/papost/workspace/python-noobs/.hg/progress' --config 'progress.assume-tty=1' exited 0 after 0.02 seconds
2017/10/17 17:32:53 papost @bbda857db6b8f3cdf0f47f5d92fda2bca72691cd (94248)> add /Users/papost/workspace/python-noobs/test.week2/test2.py --noninteractive
2017/10/17 17:32:53 papost @bbda857db6b8f3cdf0f47f5d92fda2bca72691cd (94248)> add /Users/papost/workspace/python-noobs/test.week2/test2.py --noninteractive --config 'ui.ssh=ssh -oBatchMode=yes -oControlMaster=no' --config 'extensions.progressfile=' --config 'progress.statefile=/Users/papost/workspace/python-noobs/.hg/progress' --config 'progress.assume-tty=1' exited 0 after 0.02 seconds
2017/10/17 18:13:41 papost @fdd970c0af31d1937d0fe94c8db2d050ad0fd4dc (99903)> rename --after /Users/papost/workspace/python-noobs/test.week2/play.py /Users/papost/workspace/python-noobs/test.week2/ex4.py --noninteractive
2017/10/17 18:13:41 papost @fdd970c0af31d1937d0fe94c8db2d050ad0fd4dc (99903)> rename --after /Users/papost/workspace/python-noobs/test.week2/play.py /Users/papost/workspace/python-noobs/test.week2/ex4.py --noninteractive --config 'ui.ssh=ssh -oBatchMode=yes -oControlMaster=no' --config 'extensions.progressfile=' --config 'progress.statefile=/Users/papost/workspace/python-noobs/.hg/progress' --config 'progress.assume-tty=1' exited 0 after 0.02 seconds
2017/10/17 18:13:48 papost @fdd970c0af31d1937d0fe94c8db2d050ad0fd4dc (99936)> add /Users/papost/workspace/python-noobs/test.week2/ex5.py --noninteractive
2017/10/17 18:13:48 papost @fdd970c0af31d1937d0fe94c8db2d050ad0fd4dc (99936)> add /Users/papost/workspace/python-noobs/test.week2/ex5.py --noninteractive --config 'ui.ssh=ssh -oBatchMode=yes -oControlMaster=no' --config 'extensions.progressfile=' --config 'progress.statefile=/Users/papost/workspace/python-noobs/.hg/progress' --config 'progress.assume-tty=1' exited 0 after 0.02 seconds
2017/10/17 19:24:11 papost @fdd970c0af31d1937d0fe94c8db2d050ad0fd4dc (3909)> add /Users/papost/workspace/python-noobs/test.week2/ex6.py --noninteractive
2017/10/17 19:24:11 papost @fdd970c0af31d1937d0fe94c8db2d050ad0fd4dc (3909)> add /Users/papost/workspace/python-noobs/test.week2/ex6.py --noninteractive --config 'ui.ssh=ssh -oBatchMode=yes -oControlMaster=no' --config 'extensions.progressfile=' --config 'progress.statefile=/Users/papost/workspace/python-noobs/.hg/progress' --config 'progress.assume-tty=1' exited 0 after 0.03 seconds
2017/10/18 07:39:29 papost @bbda857db6b8f3cdf0f47f5d92fda2bca72691cd (91584)> serve --cmdserver chgunix --address /var/folders/9_/9n3z3slx00sgv727czwc36g5596mgw/T//chg1251168764/server.91581 --daemon-postexec 'chdir:/' exited 0 after 52516.03 seconds
2017/10/18 07:39:29 papost @bbda857db6b8f3cdf0f47f5d92fda2bca72691cd (91507)> serve --cmdserver chgunix --address /var/folders/9_/9n3z3slx00sgv727czwc36g5596mgw/T//chg1251168764/server.91506 --daemon-postexec 'chdir:/' --config 'ui.ssh=ssh -oBatchMode=yes -oControlMaster=no' --config 'extensions.progressfile=' --config 'progress.statefile=/Users/papost/workspace/python-noobs/.hg/progress' --config 'progress.assume-tty=1' exited 0 after 52517.65 seconds
2017/10/19 18:01:03 papost @ef672639440c08facbc59fddd8cf9c82cd623ee5 (90649)> serve --cmdserver chgunix --address /var/folders/9_/9n3z3slx00sgv727czwc36g5596mgw/T//chg1251168764/server.90648 --daemon-postexec 'chdir:/'
2017/10/19 18:01:03 papost @ef672639440c08facbc59fddd8cf9c82cd623ee5 (90656)> add /Users/papost/workspace/python-noobs/test.week2/ex7.py --noninteractive
2017/10/19 18:01:03 papost @ef672639440c08facbc59fddd8cf9c82cd623ee5 (90656)> add /Users/papost/workspace/python-noobs/test.week2/ex7.py --noninteractive --config 'ui.ssh=ssh -oBatchMode=yes -oControlMaster=no' --config 'extensions.progressfile=' --config 'progress.statefile=/Users/papost/workspace/python-noobs/.hg/progress' --config 'progress.assume-tty=1' exited 0 after 0.02 seconds
2017/10/19 18:10:41 papost @ef672639440c08facbc59fddd8cf9c82cd623ee5 (91267)> add /Users/papost/workspace/python-noobs/test.week2/ex8.py --noninteractive
2017/10/19 18:10:41 papost @ef672639440c08facbc59fddd8cf9c82cd623ee5 (91267)> add /Users/papost/workspace/python-noobs/test.week2/ex8.py --noninteractive --config 'ui.ssh=ssh -oBatchMode=yes -oControlMaster=no' --config 'extensions.progressfile=' --config 'progress.statefile=/Users/papost/workspace/python-noobs/.hg/progress' --config 'progress.assume-tty=1' exited 0 after 0.02 seconds
2017/10/19 18:24:45 papost @ef672639440c08facbc59fddd8cf9c82cd623ee5 (92150)> add /Users/papost/workspace/python-noobs/test.week2/ex9.py --noninteractive
2017/10/19 18:24:45 papost @ef672639440c08facbc59fddd8cf9c82cd623ee5 (92150)> add /Users/papost/workspace/python-noobs/test.week2/ex9.py --noninteractive --config 'ui.ssh=ssh -oBatchMode=yes -oControlMaster=no' --config 'extensions.progressfile=' --config 'progress.statefile=/Users/papost/workspace/python-noobs/.hg/progress' --config 'progress.assume-tty=1' exited 0 after 0.02 seconds
2017/10/19 18:37:19 papost @ef672639440c08facbc59fddd8cf9c82cd623ee5 (92971)> add /Users/papost/workspace/python-noobs/test.week2/ex10.py --noninteractive
2017/10/19 18:37:19 papost @ef672639440c08facbc59fddd8cf9c82cd623ee5 (92971)> add /Users/papost/workspace/python-noobs/test.week2/ex10.py --noninteractive --config 'ui.ssh=ssh -oBatchMode=yes -oControlMaster=no' --config 'extensions.progressfile=' --config 'progress.statefile=/Users/papost/workspace/python-noobs/.hg/progress' --config 'progress.assume-tty=1' exited 0 after 0.02 seconds
2017/10/19 18:41:58 papost @ef672639440c08facbc59fddd8cf9c82cd623ee5 (93282)> add /Users/papost/workspace/python-noobs/test.week2/ex11.py --noninteractive
2017/10/19 18:41:58 papost @ef672639440c08facbc59fddd8cf9c82cd623ee5 (93282)> add /Users/papost/workspace/python-noobs/test.week2/ex11.py --noninteractive --config 'ui.ssh=ssh -oBatchMode=yes -oControlMaster=no' --config 'extensions.progressfile=' --config 'progress.statefile=/Users/papost/workspace/python-noobs/.hg/progress' --config 'progress.assume-tty=1' exited 0 after 0.03 seconds
2017/10/19 18:45:17 papost @ef672639440c08facbc59fddd8cf9c82cd623ee5 (93513)> rename --after /Users/papost/workspace/python-noobs/test.week2/ex4.py /Users/papost/workspace/python-noobs/test.week2/ex04.py --noninteractive
2017/10/19 18:45:17 papost @ef672639440c08facbc59fddd8cf9c82cd623ee5 (93513)> rename --after /Users/papost/workspace/python-noobs/test.week2/ex4.py /Users/papost/workspace/python-noobs/test.week2/ex04.py --noninteractive --config 'ui.ssh=ssh -oBatchMode=yes -oControlMaster=no' --config 'extensions.progressfile=' --config 'progress.statefile=/Users/papost/workspace/python-noobs/.hg/progress' --config 'progress.assume-tty=1' exited 0 after 0.03 seconds
2017/10/19 18:45:26 papost @ef672639440c08facbc59fddd8cf9c82cd623ee5 (93539)> rename --after /Users/papost/workspace/python-noobs/test.week2/ex5.py /Users/papost/workspace/python-noobs/test.week2/ex05.py --noninteractive
2017/10/19 18:45:26 papost @ef672639440c08facbc59fddd8cf9c82cd623ee5 (93539)> rename --after /Users/papost/workspace/python-noobs/test.week2/ex5.py /Users/papost/workspace/python-noobs/test.week2/ex05.py --noninteractive --config 'ui.ssh=ssh -oBatchMode=yes -oControlMaster=no' --config 'extensions.progressfile=' --config 'progress.statefile=/Users/papost/workspace/python-noobs/.hg/progress' --config 'progress.assume-tty=1' exited 0 after 0.03 seconds
2017/10/19 18:45:40 papost @ef672639440c08facbc59fddd8cf9c82cd623ee5 (93573)> rename --after /Users/papost/workspace/python-noobs/test.week2/ex6.py /Users/papost/workspace/python-noobs/test.week2/ex06.py --noninteractive
2017/10/19 18:45:40 papost @ef672639440c08facbc59fddd8cf9c82cd623ee5 (93573)> rename --after /Users/papost/workspace/python-noobs/test.week2/ex6.py /Users/papost/workspace/python-noobs/test.week2/ex06.py --noninteractive --config 'ui.ssh=ssh -oBatchMode=yes -oControlMaster=no' --config 'extensions.progressfile=' --config 'progress.statefile=/Users/papost/workspace/python-noobs/.hg/progress' --config 'progress.assume-tty=1' exited 0 after 0.02 seconds
2017/10/19 18:45:50 papost @ef672639440c08facbc59fddd8cf9c82cd623ee5 (93600)> rename --after /Users/papost/workspace/python-noobs/test.week2/ex7.py /Users/papost/workspace/python-noobs/test.week2/ex07.py --noninteractive
2017/10/19 18:45:50 papost @ef672639440c08facbc59fddd8cf9c82cd623ee5 (93600)> rename --after /Users/papost/workspace/python-noobs/test.week2/ex7.py /Users/papost/workspace/python-noobs/test.week2/ex07.py --noninteractive --config 'ui.ssh=ssh -oBatchMode=yes -oControlMaster=no' --config 'extensions.progressfile=' --config 'progress.statefile=/Users/papost/workspace/python-noobs/.hg/progress' --config 'progress.assume-tty=1' exited 0 after 0.02 seconds
2017/10/19 18:45:58 papost @ef672639440c08facbc59fddd8cf9c82cd623ee5 (93629)> rename --after /Users/papost/workspace/python-noobs/test.week2/ex8.py /Users/papost/workspace/python-noobs/test.week2/ex08.py --noninteractive
2017/10/19 18:45:58 papost @ef672639440c08facbc59fddd8cf9c82cd623ee5 (93629)> rename --after /Users/papost/workspace/python-noobs/test.week2/ex8.py /Users/papost/workspace/python-noobs/test.week2/ex08.py --noninteractive --config 'ui.ssh=ssh -oBatchMode=yes -oControlMaster=no' --config 'extensions.progressfile=' --config 'progress.statefile=/Users/papost/workspace/python-noobs/.hg/progress' --config 'progress.assume-tty=1' exited 0 after 0.02 seconds
2017/10/19 18:46:11 papost @ef672639440c08facbc59fddd8cf9c82cd623ee5 (93662)> rename --after /Users/papost/workspace/python-noobs/test.week2/ex9.py /Users/papost/workspace/python-noobs/test.week2/ex09.py --noninteractive
2017/10/19 18:46:11 papost @ef672639440c08facbc59fddd8cf9c82cd623ee5 (93662)> rename --after /Users/papost/workspace/python-noobs/test.week2/ex9.py /Users/papost/workspace/python-noobs/test.week2/ex09.py --noninteractive --config 'ui.ssh=ssh -oBatchMode=yes -oControlMaster=no' --config 'extensions.progressfile=' --config 'progress.statefile=/Users/papost/workspace/python-noobs/.hg/progress' --config 'progress.assume-tty=1' exited 0 after 0.02 seconds
2017/10/19 18:49:17 papost @ef672639440c08facbc59fddd8cf9c82cd623ee5 (93875)> add /Users/papost/workspace/python-noobs/test.week2/ex12.py --noninteractive
2017/10/19 18:49:17 papost @ef672639440c08facbc59fddd8cf9c82cd623ee5 (93875)> add /Users/papost/workspace/python-noobs/test.week2/ex12.py --noninteractive --config 'ui.ssh=ssh -oBatchMode=yes -oControlMaster=no' --config 'extensions.progressfile=' --config 'progress.statefile=/Users/papost/workspace/python-noobs/.hg/progress' --config 'progress.assume-tty=1' exited 0 after 0.03 seconds
2017/10/20 06:52:24 papost @ef672639440c08facbc59fddd8cf9c82cd623ee5 (90649)> serve --cmdserver chgunix --address /var/folders/9_/9n3z3slx00sgv727czwc36g5596mgw/T//chg1251168764/server.90648 --daemon-postexec 'chdir:/' --config 'ui.ssh=ssh -oBatchMode=yes -oControlMaster=no' --config 'extensions.progressfile=' --config 'progress.statefile=/Users/papost/workspace/python-noobs/.hg/progress' --config 'progress.assume-tty=1' exited 0 after 46281.30 seconds
2017/10/20 07:39:31 papost @ef672639440c08facbc59fddd8cf9c82cd623ee5 (94575)> serve --cmdserver chgunix --address /var/folders/9_/9n3z3slx00sgv727czwc36g5596mgw/T//chg1251168764/server.94574 --daemon-postexec 'chdir:/'
2017/10/20 07:39:32 papost @ef672639440c08facbc59fddd8cf9c82cd623ee5 (94582)> add /Users/papost/workspace/python-noobs/test.week2/ex13.py --noninteractive
2017/10/20 07:39:32 papost @ef672639440c08facbc59fddd8cf9c82cd623ee5 (94582)> add /Users/papost/workspace/python-noobs/test.week2/ex13.py --noninteractive --config 'ui.ssh=ssh -oBatchMode=yes -oControlMaster=no' --config 'extensions.progressfile=' --config 'progress.statefile=/Users/papost/workspace/python-noobs/.hg/progress' --config 'progress.assume-tty=1' exited 0 after 0.02 seconds
2017/10/20 09:09:33 papost @ef672639440c08facbc59fddd8cf9c82cd623ee5 (94575)> serve --cmdserver chgunix --address /var/folders/9_/9n3z3slx00sgv727czwc36g5596mgw/T//chg1251168764/server.94574 --daemon-postexec 'chdir:/' --config 'ui.ssh=ssh -oBatchMode=yes -oControlMaster=no' --config 'extensions.progressfile=' --config 'progress.statefile=/Users/papost/workspace/python-noobs/.hg/progress' --config 'progress.assume-tty=1' exited 0 after 5401.74 seconds
2017/10/20 17:44:50 papost @ef672639440c08facbc59fddd8cf9c82cd623ee5 (40582)> serve --cmdserver chgunix --address /var/folders/9_/9n3z3slx00sgv727czwc36g5596mgw/T//chg1251168764/server.40581 --daemon-postexec 'chdir:/'
2017/10/20 17:44:50 papost @ef672639440c08facbc59fddd8cf9c82cd623ee5 (40585)> add /Users/papost/workspace/python-noobs/test.week2/ex14.py --noninteractive
2017/10/20 17:44:50 papost @ef672639440c08facbc59fddd8cf9c82cd623ee5 (40585)> add /Users/papost/workspace/python-noobs/test.week2/ex14.py --noninteractive --config 'ui.ssh=ssh -oBatchMode=yes -oControlMaster=no' --config 'extensions.progressfile=' --config 'progress.statefile=/Users/papost/workspace/python-noobs/.hg/progress' --config 'progress.assume-tty=1' exited 0 after 0.02 seconds
2017/10/20 18:05:16 papost @ca4d4842a9b83da285fb18a194d690723b6163d1 (43636)> add /Users/papost/workspace/python-noobs/test.week3/ex15.py --noninteractive
2017/10/20 18:05:16 papost @ca4d4842a9b83da285fb18a194d690723b6163d1 (43636)> add /Users/papost/workspace/python-noobs/test.week3/ex15.py --noninteractive --config 'ui.ssh=ssh -oBatchMode=yes -oControlMaster=no' --config 'extensions.progressfile=' --config 'progress.statefile=/Users/papost/workspace/python-noobs/.hg/progress' --config 'progress.assume-tty=1' exited 0 after 0.02 seconds
2017/10/20 18:15:36 papost @ca4d4842a9b83da285fb18a194d690723b6163d1 (44470)> add /Users/papost/workspace/python-noobs/test.week3/ex15_sample.txt --noninteractive
2017/10/20 18:15:36 papost @ca4d4842a9b83da285fb18a194d690723b6163d1 (44470)> add /Users/papost/workspace/python-noobs/test.week3/ex15_sample.txt --noninteractive --config 'ui.ssh=ssh -oBatchMode=yes -oControlMaster=no' --config 'extensions.progressfile=' --config 'progress.statefile=/Users/papost/workspace/python-noobs/.hg/progress' --config 'progress.assume-tty=1' exited 0 after 0.02 seconds
2017/10/20 18:26:56 papost @ca4d4842a9b83da285fb18a194d690723b6163d1 (45190)> add /Users/papost/workspace/python-noobs/test.week3/ex16.py --noninteractive
2017/10/20 18:26:56 papost @ca4d4842a9b83da285fb18a194d690723b6163d1 (45190)> add /Users/papost/workspace/python-noobs/test.week3/ex16.py --noninteractive --config 'ui.ssh=ssh -oBatchMode=yes -oControlMaster=no' --config 'extensions.progressfile=' --config 'progress.statefile=/Users/papost/workspace/python-noobs/.hg/progress' --config 'progress.assume-tty=1' exited 0 after 0.02 seconds
2017/10/20 21:50:51 papost @ef672639440c08facbc59fddd8cf9c82cd623ee5 (40582)> serve --cmdserver chgunix --address /var/folders/9_/9n3z3slx00sgv727czwc36g5596mgw/T//chg1251168764/server.40581 --daemon-postexec 'chdir:/' --config 'ui.ssh=ssh -oBatchMode=yes -oControlMaster=no' --config 'extensions.progressfile=' --config 'progress.statefile=/Users/papost/workspace/python-noobs/.hg/progress' --config 'progress.assume-tty=1' exited 0 after 14761.50 seconds
2017/10/26 07:44:33 papost @d4c31196ca6cbf670deeec445979b5163c20c4d2 (66171)> serve --cmdserver chgunix --address /var/folders/9_/9n3z3slx00sgv727czwc36g5596mgw/T//chg1251168764/server.66170 --daemon-postexec 'chdir:/'
2017/10/26 07:44:34 papost @d4c31196ca6cbf670deeec445979b5163c20c4d2 (66174)> add /Users/papost/workspace/python-noobs/test.week3/ex16a.py --noninteractive
2017/10/26 07:44:34 papost @d4c31196ca6cbf670deeec445979b5163c20c4d2 (66174)> add /Users/papost/workspace/python-noobs/test.week3/ex16a.py --noninteractive --config 'ui.ssh=ssh -oBatchMode=yes -oControlMaster=no' --config 'extensions.progressfile=' --config 'progress.statefile=/Users/papost/workspace/python-noobs/.hg/progress' --config 'progress.assume-tty=1' exited 0 after 0.02 seconds
2017/10/26 09:14:35 papost @d4c31196ca6cbf670deeec445979b5163c20c4d2 (66171)> serve --cmdserver chgunix --address /var/folders/9_/9n3z3slx00sgv727czwc36g5596mgw/T//chg1251168764/server.66170 --daemon-postexec 'chdir:/' --config 'ui.ssh=ssh -oBatchMode=yes -oControlMaster=no' --config 'extensions.progressfile=' --config 'progress.statefile=/Users/papost/workspace/python-noobs/.hg/progress' --config 'progress.assume-tty=1' exited 0 after 5402.36 seconds
2017/10/26 17:34:58 papost @d4c31196ca6cbf670deeec445979b5163c20c4d2 (37993)> serve --cmdserver chgunix --address /var/folders/9_/9n3z3slx00sgv727czwc36g5596mgw/T//chg1251168764/server.37992 --daemon-postexec 'chdir:/'
2017/10/26 17:34:58 papost @d4c31196ca6cbf670deeec445979b5163c20c4d2 (37996)> add /Users/papost/workspace/python-noobs/test.week3/ex17.py --noninteractive
2017/10/26 17:34:58 papost @d4c31196ca6cbf670deeec445979b5163c20c4d2 (37996)> add /Users/papost/workspace/python-noobs/test.week3/ex17.py --noninteractive --config 'ui.ssh=ssh -oBatchMode=yes -oControlMaster=no' --config 'extensions.progressfile=' --config 'progress.statefile=/Users/papost/workspace/python-noobs/.hg/progress' --config 'progress.assume-tty=1' exited 0 after 0.02 seconds
2017/10/26 17:57:35 papost @d4c31196ca6cbf670deeec445979b5163c20c4d2 (39789)> rename --after /Users/papost/workspace/python-noobs/test.week3/text.txt /Users/papost/workspace/python-noobs/test.week3/test.txt --noninteractive
2017/10/26 17:57:35 papost @d4c31196ca6cbf670deeec445979b5163c20c4d2 (39789)> rename --after /Users/papost/workspace/python-noobs/test.week3/text.txt /Users/papost/workspace/python-noobs/test.week3/test.txt --noninteractive --config 'ui.ssh=ssh -oBatchMode=yes -oControlMaster=no' --config 'extensions.progressfile=' --config 'progress.statefile=/Users/papost/workspace/python-noobs/.hg/progress' --config 'progress.assume-tty=1' exited -1 after 0.02 seconds
2017/10/26 18:22:14 papost @d4c31196ca6cbf670deeec445979b5163c20c4d2 (41473)> add /Users/papost/workspace/python-noobs/test.week3/ex18.py --noninteractive
2017/10/26 18:22:14 papost @d4c31196ca6cbf670deeec445979b5163c20c4d2 (41473)> add /Users/papost/workspace/python-noobs/test.week3/ex18.py --noninteractive --config 'ui.ssh=ssh -oBatchMode=yes -oControlMaster=no' --config 'extensions.progressfile=' --config 'progress.statefile=/Users/papost/workspace/python-noobs/.hg/progress' --config 'progress.assume-tty=1' exited 0 after 0.02 seconds
2017/10/27 06:49:26 papost @d4c31196ca6cbf670deeec445979b5163c20c4d2 (37993)> serve --cmdserver chgunix --address /var/folders/9_/9n3z3slx00sgv727czwc36g5596mgw/T//chg1251168764/server.37992 --daemon-postexec 'chdir:/' --config 'ui.ssh=ssh -oBatchMode=yes -oControlMaster=no' --config 'extensions.progressfile=' --config 'progress.statefile=/Users/papost/workspace/python-noobs/.hg/progress' --config 'progress.assume-tty=1' exited 0 after 47668.07 seconds
2017/10/27 07:59:33 papost @d4c31196ca6cbf670deeec445979b5163c20c4d2 (44393)> serve --cmdserver chgunix --address /var/folders/9_/9n3z3slx00sgv727czwc36g5596mgw/T//chg1251168764/server.44392 --daemon-postexec 'chdir:/'
2017/10/27 07:59:33 papost @d4c31196ca6cbf670deeec445979b5163c20c4d2 (44396)> add /Users/papost/workspace/python-noobs/test.week3/ex19.py --noninteractive
2017/10/27 07:59:33 papost @d4c31196ca6cbf670deeec445979b5163c20c4d2 (44396)> add /Users/papost/workspace/python-noobs/test.week3/ex19.py --noninteractive --config 'ui.ssh=ssh -oBatchMode=yes -oControlMaster=no' --config 'extensions.progressfile=' --config 'progress.statefile=/Users/papost/workspace/python-noobs/.hg/progress' --config 'progress.assume-tty=1' exited 0 after 0.02 seconds
2017/10/27 08:09:28 papost @d4c31196ca6cbf670deeec445979b5163c20c4d2 (45012)> add /Users/papost/workspace/python-noobs/test.week3/ex20.py --noninteractive
2017/10/27 08:09:28 papost @d4c31196ca6cbf670deeec445979b5163c20c4d2 (45012)> add /Users/papost/workspace/python-noobs/test.week3/ex20.py --noninteractive --config 'ui.ssh=ssh -oBatchMode=yes -oControlMaster=no' --config 'extensions.progressfile=' --config 'progress.statefile=/Users/papost/workspace/python-noobs/.hg/progress' --config 'progress.assume-tty=1' exited 0 after 0.02 seconds
2017/10/27 08:28:46 papost @d4c31196ca6cbf670deeec445979b5163c20c4d2 (46212)> add /Users/papost/workspace/python-noobs/test.week3/ex21.py --noninteractive
2017/10/27 08:28:46 papost @d4c31196ca6cbf670deeec445979b5163c20c4d2 (46212)> add /Users/papost/workspace/python-noobs/test.week3/ex21.py --noninteractive --config 'ui.ssh=ssh -oBatchMode=yes -oControlMaster=no' --config 'extensions.progressfile=' --config 'progress.statefile=/Users/papost/workspace/python-noobs/.hg/progress' --config 'progress.assume-tty=1' exited 0 after 0.02 seconds
2017/10/27 09:30:14 papost @d4c31196ca6cbf670deeec445979b5163c20c4d2 (44393)> killed!
 exited -1 after 5440.79 seconds
2017/10/27 09:35:24 papost @d4c31196ca6cbf670deeec445979b5163c20c4d2 (932)> serve --cmdserver chgunix --address /var/folders/9_/9n3z3slx00sgv727czwc36g5596mgw/T//chg1251168764/server.930 --daemon-postexec 'chdir:/'
2017/10/27 09:35:24 papost @d4c31196ca6cbf670deeec445979b5163c20c4d2 (931)> serve --cmdserver chgunix --address /var/folders/9_/9n3z3slx00sgv727czwc36g5596mgw/T//chg1251168764/server.929 --daemon-postexec 'chdir:/'
2017/10/27 09:35:24 papost @d4c31196ca6cbf670deeec445979b5163c20c4d2 (942)> status --unknown --no-status /Users/papost/workspace/python-noobs
2017/10/27 09:35:24 papost @d4c31196ca6cbf670deeec445979b5163c20c4d2 (941)> locate
2017/10/27 09:35:25 papost @d4c31196ca6cbf670deeec445979b5163c20c4d2 (941)> locate exited 0 after 0.02 seconds
2017/10/27 09:35:25 papost @d4c31196ca6cbf670deeec445979b5163c20c4d2 (942)> status --unknown --no-status /Users/papost/workspace/python-noobs exited 0 after 0.03 seconds
2017/10/27 09:35:25 papost @d4c31196ca6cbf670deeec445979b5163c20c4d2 (932)> serve --cmdserver chgunix --address /var/folders/9_/9n3z3slx00sgv727czwc36g5596mgw/T//chg1251168764/server.930 --daemon-postexec 'chdir:/' exited 0 after 1.59 seconds
2017/10/27 11:09:21 papost @d4c31196ca6cbf670deeec445979b5163c20c4d2 (931)> serve --cmdserver chgunix --address /var/folders/9_/9n3z3slx00sgv727czwc36g5596mgw/T//chg1251168764/server.929 --daemon-postexec 'chdir:/' exited 0 after 5636.82 seconds
